2025-07-30 18:16:10,373 [INFO] Activator:176 - 


2025-07-30 18:16:10,374 [INFO] Activator:177 - !SESSION log4j initialized
2025-07-30 18:16:11,706 [INFO] LogOutputStream:77 - [STDOUT_REDIRECT] 
2025-07-30 18:16:12,812 [INFO] ApplicationProperties:184 - Using Application install path: /opt/st/stm32cubeide_1.19.0/plugins/com.st.stm32cube.common.mx_6.15.0.202507011659
2025-07-30 18:16:12,823 [INFO] DbMcusXml:78 - Set database path to: /opt/st/stm32cubeide_1.19.0/plugins/com.st.stm32cube.common.mx_6.15.0.202507011659//db//mcu/
2025-07-30 18:16:12,823 [INFO] ApiDb:274 - Set plugin database path to: /opt/st/stm32cubeide_1.19.0/plugins/com.st.stm32cube.common.mx_6.15.0.202507011659//db//plugins/boardmanager/
2025-07-30 18:16:12,824 [WARN] ApiDb:259 - Overriding images path with different value:  => /opt/st/stm32cubeide_1.19.0/plugins/com.st.stm32cube.common.mx_6.15.0.202507011659//db//plugins/mcufinder/images/
2025-07-30 18:16:12,826 [INFO] ApiDb:250 - Set database path to: /home/edabk/.stmcufinder/plugins/mcufinder//mcu/
2025-07-30 18:16:12,827 [INFO] DbMcusAds:125 - Set database path to: /home/edabk/.stmcufinder/plugins/mcufinder//mcu/
2025-07-30 18:16:12,829 [INFO] CrossReferenceDbSqlite:203 - Set database path to: /home/edabk/.stmcufinder/plugins/mcufinder//mcu/cs/
2025-07-30 18:16:12,894 [INFO] RulesReader:64 - Compatibility file has been processed (317 Rules)
2025-07-30 18:16:12,925 [INFO] DbMcusXml:78 - Set database path to: /opt/st/stm32cubeide_1.19.0/plugins/com.st.stm32cube.common.mx_6.15.0.202507011659//db//mcu/
2025-07-30 18:16:12,925 [INFO] ApiDb:274 - Set plugin database path to: /opt/st/stm32cubeide_1.19.0/plugins/com.st.stm32cube.common.mx_6.15.0.202507011659//db//plugins/boardmanager/
2025-07-30 18:16:12,925 [INFO] ApiDb:261 - Set plugin images path to: /opt/st/stm32cubeide_1.19.0/plugins/com.st.stm32cube.common.mx_6.15.0.202507011659//db//plugins/mcufinder/images/
2025-07-30 18:16:12,925 [WARN] DbFile:41 - Overriding database path with different value: /home/edabk/.stmcufinder/plugins/mcufinder/ => /home/edabk/.stmcufinder/plugins/mcufinder
2025-07-30 18:16:12,925 [INFO] ApiDb:250 - Set database path to: /home/edabk/.stmcufinder/plugins/mcufinder//mcu/
2025-07-30 18:16:12,925 [WARN] DbFile:41 - Overriding database path with different value: /home/edabk/.stmcufinder/plugins/mcufinder/ => /home/edabk/.stmcufinder/plugins/mcufinder
2025-07-30 18:16:12,925 [INFO] DbMcusAds:125 - Set database path to: /home/edabk/.stmcufinder/plugins/mcufinder//mcu/
2025-07-30 18:16:12,925 [WARN] DbFile:41 - Overriding database path with different value: /home/edabk/.stmcufinder/plugins/mcufinder/ => /home/edabk/.stmcufinder/plugins/mcufinder
2025-07-30 18:16:12,925 [WARN] DbFile:41 - Overriding database path with different value: /home/edabk/.stmcufinder/plugins/mcufinder/ => /home/edabk/.stmcufinder/plugins/mcufinder
2025-07-30 18:16:12,925 [INFO] CrossReferenceDbSqlite:203 - Set database path to: /home/edabk/.stmcufinder/plugins/mcufinder//mcu/cs/
2025-07-30 18:16:12,966 [INFO] MainPanel:274 - HeapMemory: 268435456
2025-07-30 18:16:13,048 [INFO] DbMcusXml:78 - Set database path to: /opt/st/stm32cubeide_1.19.0/plugins/com.st.stm32cube.common.mx_6.15.0.202507011659//db//mcu/
2025-07-30 18:16:13,048 [INFO] ApiDb:274 - Set plugin database path to: /opt/st/stm32cubeide_1.19.0/plugins/com.st.stm32cube.common.mx_6.15.0.202507011659//db//plugins/boardmanager/
2025-07-30 18:16:13,049 [INFO] ApiDb:261 - Set plugin images path to: /opt/st/stm32cubeide_1.19.0/plugins/com.st.stm32cube.common.mx_6.15.0.202507011659//db//plugins/mcufinder/images/
2025-07-30 18:16:13,049 [WARN] DbFile:41 - Overriding database path with different value: /home/edabk/.stmcufinder/plugins/mcufinder/ => /home/edabk/.stmcufinder/plugins/mcufinder
2025-07-30 18:16:13,049 [INFO] ApiDb:250 - Set database path to: /home/edabk/.stmcufinder/plugins/mcufinder//mcu/
2025-07-30 18:16:13,049 [WARN] DbFile:41 - Overriding database path with different value: /home/edabk/.stmcufinder/plugins/mcufinder/ => /home/edabk/.stmcufinder/plugins/mcufinder
2025-07-30 18:16:13,049 [INFO] DbMcusAds:125 - Set database path to: /home/edabk/.stmcufinder/plugins/mcufinder//mcu/
2025-07-30 18:16:13,049 [WARN] DbFile:41 - Overriding database path with different value: /home/edabk/.stmcufinder/plugins/mcufinder/ => /home/edabk/.stmcufinder/plugins/mcufinder
2025-07-30 18:16:13,049 [WARN] DbFile:41 - Overriding database path with different value: /home/edabk/.stmcufinder/plugins/mcufinder/ => /home/edabk/.stmcufinder/plugins/mcufinder
2025-07-30 18:16:13,049 [INFO] CrossReferenceDbSqlite:203 - Set database path to: /home/edabk/.stmcufinder/plugins/mcufinder//mcu/cs/
2025-07-30 18:16:13,059 [INFO] ApplicationProperties:184 - Using Application install path: /opt/st/stm32cubeide_1.19.0/plugins/com.st.stm32cube.common.mx_6.15.0.202507011659
2025-07-30 18:16:13,060 [INFO] PluginManage:196 - Search for loadable plugins [exclusion list=, ]
2025-07-30 18:16:13,060 [INFO] PluginManage:310 - Check plugin analytics
2025-07-30 18:16:13,174 [INFO] AnalyticsPlugin:253 - Accepted Software Licenses: STM32CubeMX.6.10.0
2025-07-30 18:16:13,174 [INFO] AnalyticsPlugin:255 - Accepted CMSIS Pack Licenses: 
2025-07-30 18:16:13,175 [INFO] AnalyticsPlugin:257 - Accepted Firmware Licenses: 
2025-07-30 18:16:13,176 [INFO] PluginManage:359 - Loaded plugin analytics (category:tool,tabindex:-1)
2025-07-30 18:16:13,176 [INFO] PluginManage:310 - Check plugin cadmodel
2025-07-30 18:16:13,179 [INFO] CADModel:105 - Init CAD model plugin
2025-07-30 18:16:13,179 [INFO] PluginManage:359 - Loaded plugin cadmodel (category:power,tabindex:5)
2025-07-30 18:16:13,179 [INFO] PluginManage:310 - Check plugin clock
2025-07-30 18:16:13,185 [INFO] PluginManage:359 - Loaded plugin clock (category:base,tabindex:2)
2025-07-30 18:16:13,185 [INFO] PluginManage:310 - Check plugin ddr
2025-07-30 18:16:13,186 [INFO] PluginManage:359 - Loaded plugin ddr (category:tool,tabindex:6)
2025-07-30 18:16:13,186 [INFO] PluginManage:310 - Check plugin filemanager
2025-07-30 18:16:13,287 [INFO] PluginManage:359 - Loaded plugin filemanager (category:base,tabindex:10)
2025-07-30 18:16:13,287 [INFO] PluginManage:310 - Check plugin ipmanager
2025-07-30 18:16:13,290 [INFO] PluginManage:359 - Loaded plugin ipmanager (category:base,tabindex:5)
2025-07-30 18:16:13,290 [INFO] PluginManage:310 - Check plugin lpbam
2025-07-30 18:16:13,295 [INFO] PluginManage:359 - Loaded plugin lpbam (category:base,tabindex:0)
2025-07-30 18:16:13,295 [INFO] PluginManage:310 - Check plugin memorymap
2025-07-30 18:16:13,311 [INFO] PluginManage:359 - Loaded plugin memorymap (category:base,tabindex:4)
2025-07-30 18:16:13,311 [INFO] PluginManage:310 - Check plugin pinoutandconfiguration
2025-07-30 18:16:13,316 [INFO] PluginManage:359 - Loaded plugin pinoutandconfiguration (category:base,tabindex:1)
2025-07-30 18:16:13,317 [INFO] PluginManage:310 - Check plugin pinoutconfig
2025-07-30 18:16:13,373 [WARN] SupportedApi:132 - Cannot load RTOS API schema: s4s-elt-must-match.1: The content of 'definitions' must match (annotation?, (simpleType | complexType)?, (unique | key | keyref)*)). A problem was found starting at: attribute.
2025-07-30 18:16:13,434 [INFO] PluginManage:359 - Loaded plugin pinoutconfig (category:base,tabindex:0)
2025-07-30 18:16:13,434 [INFO] PluginManage:310 - Check plugin power
2025-07-30 18:16:13,439 [INFO] PluginManage:359 - Loaded plugin power (category:power,tabindex:4)
2025-07-30 18:16:13,440 [INFO] PluginManage:310 - Check plugin projectmanager
2025-07-30 18:16:13,448 [INFO] PluginManage:359 - Loaded plugin projectmanager (category:projectmanager,tabindex:4)
2025-07-30 18:16:13,449 [INFO] PluginManage:310 - Check plugin rif
2025-07-30 18:16:13,453 [INFO] PluginManage:359 - Loaded plugin rif (category:base,tabindex:3)
2025-07-30 18:16:13,454 [INFO] PluginManage:310 - Check plugin thirdparty
2025-07-30 18:16:13,519 [INFO] PluginManage:359 - Loaded plugin thirdparty (category:base,tabindex:-1)
2025-07-30 18:16:13,519 [INFO] PluginManage:310 - Check plugin tools
2025-07-30 18:16:13,519 [WARN] IntegrityCheckThread:84 - waiting for thirdparty lock release [integrity check]
2025-07-30 18:16:13,519 [INFO] IntegrityCheckThread:86 - entering critical section [integrity check]
2025-07-30 18:16:13,520 [INFO] ThirdPartyUpdaterWithRetryManager:70 - Updater plugin not ready yet. [1/15]
2025-07-30 18:16:13,520 [INFO] PluginManage:359 - Loaded plugin tools (category:base,tabindex:7)
2025-07-30 18:16:13,521 [INFO] PluginManage:310 - Check plugin tutovideos
2025-07-30 18:16:13,622 [INFO] PluginManage:359 - Loaded plugin tutovideos (category:base,tabindex:-1)
2025-07-30 18:16:13,622 [INFO] PluginManage:310 - Check plugin updater
2025-07-30 18:16:13,635 [INFO] PluginManage:359 - Loaded plugin updater (category:base,tabindex:12)
2025-07-30 18:16:13,636 [INFO] PluginManage:310 - Check plugin userauth
2025-07-30 18:16:13,638 [INFO] UserAuth:118 - Init User Auth plugin
2025-07-30 18:16:13,639 [INFO] PluginManage:359 - Loaded plugin userauth (category:base,tabindex:14)
2025-07-30 18:16:13,639 [INFO] PluginManage:283 - PluginManage : Loaded plugins [18]
2025-07-30 18:16:13,722 [INFO] PinOutPanel:1589 - setPackage(No Configuration,No Configuration)
2025-07-30 18:16:13,754 [INFO] CADModel:165 - CPN selected for project level
2025-07-30 18:16:13,754 [INFO] CADModel:114 - Register for checkConnection events
2025-07-30 18:16:13,761 [INFO] IPUIPlugin:80 - create IPUIPlugin
2025-07-30 18:16:13,762 [INFO] PluginManager:220 - loadIPPluginJar : add plateformsettings
2025-07-30 18:16:13,766 [INFO] IPUIPlugin:80 - create IPUIPlugin
2025-07-30 18:16:13,766 [INFO] PluginManager:220 - loadIPPluginJar : add hash
2025-07-30 18:16:13,769 [INFO] IPUIPlugin:80 - create IPUIPlugin
2025-07-30 18:16:13,769 [INFO] PluginManager:220 - loadIPPluginJar : add linkedlist
2025-07-30 18:16:13,770 [INFO] IPUIPlugin:80 - create IPUIPlugin
2025-07-30 18:16:13,770 [INFO] PluginManager:220 - loadIPPluginJar : add comp
2025-07-30 18:16:13,771 [INFO] IPUIPlugin:80 - create IPUIPlugin
2025-07-30 18:16:13,771 [INFO] PluginManager:220 - loadIPPluginJar : add usart
2025-07-30 18:16:13,774 [INFO] IPUIPlugin:80 - create IPUIPlugin
2025-07-30 18:16:13,774 [INFO] PluginManager:220 - loadIPPluginJar : add freertos
2025-07-30 18:16:13,775 [INFO] IPUIPlugin:80 - create IPUIPlugin
2025-07-30 18:16:13,775 [INFO] PluginManager:220 - loadIPPluginJar : add lorawan
2025-07-30 18:16:13,776 [INFO] IPUIPlugin:80 - create IPUIPlugin
2025-07-30 18:16:13,776 [INFO] PluginManager:220 - loadIPPluginJar : add dfsdm
2025-07-30 18:16:13,779 [INFO] IPUIPlugin:80 - create IPUIPlugin
2025-07-30 18:16:13,779 [INFO] PluginManager:220 - loadIPPluginJar : add adc
2025-07-30 18:16:13,780 [INFO] IPUIPlugin:80 - create IPUIPlugin
2025-07-30 18:16:13,780 [INFO] PluginManager:220 - loadIPPluginJar : add tracer_emb
2025-07-30 18:16:13,782 [INFO] IPUIPlugin:80 - create IPUIPlugin
2025-07-30 18:16:13,782 [INFO] PluginManager:220 - loadIPPluginJar : add nvic
2025-07-30 18:16:13,785 [INFO] IPUIPlugin:80 - create IPUIPlugin
2025-07-30 18:16:13,785 [INFO] PluginManager:220 - loadIPPluginJar : add gic
2025-07-30 18:16:13,786 [INFO] IPUIPlugin:80 - create IPUIPlugin
2025-07-30 18:16:13,786 [INFO] PluginManager:220 - loadIPPluginJar : add can
2025-07-30 18:16:13,787 [INFO] IPUIPlugin:80 - create IPUIPlugin
2025-07-30 18:16:13,787 [INFO] PluginManager:220 - loadIPPluginJar : add extmemmanager
2025-07-30 18:16:13,788 [INFO] IPUIPlugin:80 - create IPUIPlugin
2025-07-30 18:16:13,788 [INFO] PluginManager:220 - loadIPPluginJar : add gtzc
2025-07-30 18:16:13,789 [INFO] IPUIPlugin:80 - create IPUIPlugin
2025-07-30 18:16:13,789 [INFO] PluginManager:220 - loadIPPluginJar : add aes
2025-07-30 18:16:13,790 [INFO] IPUIPlugin:80 - create IPUIPlugin
2025-07-30 18:16:13,790 [INFO] PluginManager:220 - loadIPPluginJar : add usbx
2025-07-30 18:16:13,791 [INFO] IPUIPlugin:80 - create IPUIPlugin
2025-07-30 18:16:13,791 [INFO] PluginManager:220 - loadIPPluginJar : add tsc
2025-07-30 18:16:13,792 [INFO] IPUIPlugin:80 - create IPUIPlugin
2025-07-30 18:16:13,792 [INFO] PluginManager:220 - loadIPPluginJar : add cryp
2025-07-30 18:16:13,793 [INFO] IPUIPlugin:80 - create IPUIPlugin
2025-07-30 18:16:13,793 [INFO] PluginManager:220 - loadIPPluginJar : add dma3
2025-07-30 18:16:13,794 [INFO] IPUIPlugin:80 - create IPUIPlugin
2025-07-30 18:16:13,794 [INFO] PluginManager:220 - loadIPPluginJar : add genericplugin
2025-07-30 18:16:13,796 [INFO] IPUIPlugin:80 - create IPUIPlugin
2025-07-30 18:16:13,796 [INFO] PluginManager:220 - loadIPPluginJar : add ipddr
2025-07-30 18:16:13,798 [INFO] IPUIPlugin:80 - create IPUIPlugin
2025-07-30 18:16:13,798 [INFO] PluginManager:220 - loadIPPluginJar : add dma
2025-07-30 18:16:13,799 [INFO] IPUIPlugin:80 - create IPUIPlugin
2025-07-30 18:16:13,800 [INFO] PluginManager:220 - loadIPPluginJar : add i2c
2025-07-30 18:16:13,802 [INFO] IPUIPlugin:80 - create IPUIPlugin
2025-07-30 18:16:13,802 [INFO] PluginManager:220 - loadIPPluginJar : add gpio
2025-07-30 18:16:13,803 [INFO] IPUIPlugin:80 - create IPUIPlugin
2025-07-30 18:16:13,803 [INFO] PluginManager:220 - loadIPPluginJar : add spi
2025-07-30 18:16:13,804 [INFO] IPUIPlugin:80 - create IPUIPlugin
2025-07-30 18:16:13,804 [INFO] PluginManager:220 - loadIPPluginJar : add ucpd
2025-07-30 18:16:13,805 [INFO] IPUIPlugin:80 - create IPUIPlugin
2025-07-30 18:16:13,805 [INFO] PluginManager:220 - loadIPPluginJar : add i3c
2025-07-30 18:16:13,809 [INFO] IPUIPlugin:80 - create IPUIPlugin
2025-07-30 18:16:13,809 [INFO] PluginManager:220 - loadIPPluginJar : add stm32_wpan
2025-07-30 18:16:13,810 [INFO] IPUIPlugin:80 - create IPUIPlugin
2025-07-30 18:16:13,810 [INFO] PluginManager:220 - loadIPPluginJar : add touchsensing
2025-07-30 18:16:13,811 [INFO] IPUIPlugin:80 - create IPUIPlugin
2025-07-30 18:16:13,812 [INFO] PluginManager:220 - loadIPPluginJar : add sai
2025-07-30 18:16:13,813 [INFO] IPUIPlugin:80 - create IPUIPlugin
2025-07-30 18:16:13,813 [INFO] PluginManager:220 - loadIPPluginJar : add pdm2pcm
2025-07-30 18:16:13,814 [INFO] IPUIPlugin:80 - create IPUIPlugin
2025-07-30 18:16:13,814 [INFO] PluginManager:220 - loadIPPluginJar : add gfxmmu
2025-07-30 18:16:13,815 [INFO] IPUIPlugin:80 - create IPUIPlugin
2025-07-30 18:16:13,815 [INFO] PluginManager:220 - loadIPPluginJar : add i2s
2025-07-30 18:16:13,816 [INFO] IPUIPlugin:80 - create IPUIPlugin
2025-07-30 18:16:13,816 [INFO] PluginManager:220 - loadIPPluginJar : add ts
2025-07-30 18:16:13,819 [INFO] IPUIPlugin:80 - create IPUIPlugin
2025-07-30 18:16:13,819 [INFO] PluginManager:220 - loadIPPluginJar : add mdma
2025-07-30 18:16:13,820 [INFO] IPUIPlugin:80 - create IPUIPlugin
2025-07-30 18:16:13,820 [INFO] PluginManager:220 - loadIPPluginJar : add openamp
2025-07-30 18:16:13,821 [INFO] IPUIPlugin:80 - create IPUIPlugin
2025-07-30 18:16:13,821 [INFO] PluginManager:220 - loadIPPluginJar : add tim
2025-07-30 18:16:13,823 [INFO] IPUIPlugin:80 - create IPUIPlugin
2025-07-30 18:16:13,823 [INFO] PluginManager:220 - loadIPPluginJar : add resmgrutility
2025-07-30 18:16:13,823 [INFO] IPUIPlugin:80 - create IPUIPlugin
2025-07-30 18:16:13,824 [INFO] PluginManager:220 - loadIPPluginJar : add ltdc
2025-07-30 18:16:13,824 [INFO] IPUIPlugin:80 - create IPUIPlugin
2025-07-30 18:16:13,824 [INFO] PluginManager:220 - loadIPPluginJar : add fatfs
2025-07-30 18:16:13,825 [INFO] IPUIPlugin:80 - create IPUIPlugin
2025-07-30 18:16:13,825 [INFO] PluginManager:220 - loadIPPluginJar : add quadspi
2025-07-30 18:16:13,826 [INFO] IPUIPlugin:80 - create IPUIPlugin
2025-07-30 18:16:13,826 [INFO] PluginManager:220 - loadIPPluginJar : add opamp
2025-07-30 18:16:13,826 [INFO] IPUIPlugin:80 - create IPUIPlugin
2025-07-30 18:16:13,827 [INFO] PluginManager:220 - loadIPPluginJar : add radio
2025-07-30 18:16:13,829 [INFO] IPUIPlugin:80 - create IPUIPlugin
2025-07-30 18:16:13,829 [INFO] PluginManager:220 - loadIPPluginJar : add fmc
2025-07-30 18:16:13,830 [INFO] IPUIPlugin:80 - create IPUIPlugin
2025-07-30 18:16:13,830 [INFO] PluginManager:220 - loadIPPluginJar : add ddr_ctrl_phy
2025-07-30 18:16:13,920 [FATAL] Updater:351 - Updater called before beeing initialized
2025-07-30 18:16:13,963 [INFO] RulesReader:64 - Compatibility file has been processed (317 Rules)
2025-07-30 18:16:13,976 [INFO] RulesReader:64 - Compatibility file has been processed (317 Rules)
2025-07-30 18:16:13,981 [INFO] CADModel:165 - CPN selected for project level
2025-07-30 18:16:13,981 [INFO] CADModel:114 - Register for checkConnection events
2025-07-30 18:16:13,982 [FATAL] Updater:351 - Updater called before beeing initialized
2025-07-30 18:16:13,982 [ERROR] CADModel:125 - Updater not yet initialized, retry later 
2025-07-30 18:16:14,041 [FATAL] Updater:351 - Updater called before beeing initialized
2025-07-30 18:16:14,042 [INFO] CADModel:165 - CPN selected for project level
2025-07-30 18:16:14,042 [INFO] CADModel:114 - Register for checkConnection events
2025-07-30 18:16:14,042 [FATAL] Updater:351 - Updater called before beeing initialized
2025-07-30 18:16:14,042 [ERROR] CADModel:125 - Updater not yet initialized, retry later 
2025-07-30 18:16:14,043 [FATAL] Updater:351 - Updater called before beeing initialized
2025-07-30 18:16:14,084 [FATAL] Updater:351 - Updater called before beeing initialized
2025-07-30 18:16:14,086 [INFO] DbMcusAds:53 - JSON generation date=Tue Jul 08 15:14:23 ICT 2025 (1751962463562)
2025-07-30 18:16:14,086 [FATAL] Updater:351 - Updater called before beeing initialized
2025-07-30 18:16:14,104 [WARN] DetailPanel:346 - Failed to get advertising image, set to default
2025-07-30 18:16:14,149 [FATAL] Updater:351 - Updater called before beeing initialized
2025-07-30 18:16:14,150 [FATAL] Updater:351 - Updater called before beeing initialized
2025-07-30 18:16:14,150 [FATAL] Updater:351 - Updater called before beeing initialized
2025-07-30 18:16:14,150 [WARN] DetailPanel:346 - Failed to get advertising image, set to default
2025-07-30 18:16:14,151 [FATAL] Updater:351 - Updater called before beeing initialized
2025-07-30 18:16:14,168 [ERROR] Updater:1198 - MainUpdater not yet initialized. External WinMGr cannot be set.
2025-07-30 18:16:14,169 [INFO] Updater:1134 - Updater Version found : 6.15.0
2025-07-30 18:16:14,178 [INFO] ApplicationProperties:184 - Using Application install path: /opt/st/stm32cubeide_1.19.0/plugins/com.st.stm32cube.common.mx_6.15.0.202507011659
2025-07-30 18:16:14,463 [INFO] MainUpdater:2872 - connection check result : 10
2025-07-30 18:16:14,464 [INFO] MainUpdater:289 - Updater Check For Update Now.
2025-07-30 18:16:14,464 [INFO] MicroXplorer:498 - Change Database Version : DB.6.0.150
2025-07-30 18:16:14,468 [INFO] McuFinderGlobals:63 - Set McuFinder mode to 2 (CubeIDE integrated)
2025-07-30 18:16:14,469 [INFO] UserAuth:171 - activating auth plugin
2025-07-30 18:16:14,474 [INFO] UserAuth:487 - Internet connection configuration mode: 1
2025-07-30 18:16:14,504 [INFO] JxBrowserEngine:152 - Initiate JxBrowser Engine with user profile folder
2025-07-30 18:16:14,649 [INFO] CheckServerUpdateThread:120 - End of CheckServer Thread
2025-07-30 18:16:15,039 [INFO] WebApp:169 - Instantiating new browser for Auth
2025-07-30 18:16:15,477 [INFO] WebApp:463 - Apply proxy settings
2025-07-30 18:16:15,477 [INFO] WebApp:548 - Chromium requires no authentication
2025-07-30 18:16:15,485 [INFO] WebApp:491 - Direct internet connection detected
2025-07-30 18:16:15,498 [INFO] WebApp:900 - Register for checkConnection events
2025-07-30 18:16:15,498 [INFO] WebApp:463 - Apply proxy settings
2025-07-30 18:16:15,498 [INFO] WebApp:548 - Chromium requires no authentication
2025-07-30 18:16:15,498 [INFO] WebApp:491 - Direct internet connection detected
2025-07-30 18:16:15,568 [INFO] WebApp:225 - Starting web application
2025-07-30 18:16:15,568 [INFO] WebApp:593 - Web application path used /opt/st/stm32cubeide_1.19.0/plugins/com.st.stm32cube.common.mx_6.15.0.202507011659/db/plugins/mcufinder/reactClient1/index.html
2025-07-30 18:16:16,257 [INFO] WebApp:191 - Connection restablished
2025-07-30 18:16:16,620 [WARN] PackLoader:240 - Cannot read IP mode file for STMicroelectronics.FP-SNS-MOTENVWB1.1.4.0
2025-07-30 18:16:16,623 [WARN] PackLoader:240 - Cannot read IP mode file for STMicroelectronics.FP-ATR-ASTRA1.2.0.2
2025-07-30 18:16:16,627 [WARN] PackLoader:240 - Cannot read IP mode file for STMicroelectronics.X-CUBE-SMBUS.2.1.0
2025-07-30 18:16:16,629 [WARN] PackLoader:240 - Cannot read IP mode file for STMicroelectronics.X-CUBE-ST60.1.0.0
2025-07-30 18:16:16,648 [WARN] PackLoader:240 - Cannot read IP mode file for STMicroelectronics.X-CUBE-AZRTOS-F7.1.1.0
2025-07-30 18:16:16,678 [WARN] PackLoader:240 - Cannot read IP mode file for STMicroelectronics.X-CUBE-AZRTOS-H7.3.4.0
2025-07-30 18:16:16,689 [WARN] PackLoader:240 - Cannot read IP mode file for STMicroelectronics.X-CUBE-DISPLAY.3.0.0
2025-07-30 18:16:16,700 [WARN] PackLoader:240 - Cannot read IP mode file for STMicroelectronics.X-CUBE-NFC10.1.0.0
2025-07-30 18:16:16,708 [WARN] PackLoader:240 - Cannot read IP mode file for STMicroelectronics.X-CUBE-BLEMGR.4.0.0
2025-07-30 18:16:16,715 [WARN] PackLoader:240 - Cannot read IP mode file for STMicroelectronics.FP-SNS-SMARTAG2.1.2.0
2025-07-30 18:16:16,718 [WARN] PackLoader:240 - Cannot read IP mode file for STMicroelectronics.FP-SNS-FLIGHT1.5.1.0
2025-07-30 18:16:16,722 [INFO] LogOutputStream:77 - [STDOUT_REDIRECT] 1 : Invalid condition id : UX_CORESTACK_Condition cause : null
2025-07-30 18:16:16,722 [INFO] LogOutputStream:77 - [STDOUT_REDIRECT] 1 : Invalid condition id : UX_CORESTACK_Condition cause : null
2025-07-30 18:16:16,722 [INFO] LogOutputStream:77 - [STDOUT_REDIRECT] 1 : Invalid condition id : UX_CORESTACK_Condition cause : null
2025-07-30 18:16:16,722 [INFO] LogOutputStream:77 - [STDOUT_REDIRECT] 1 : Invalid condition id : UX_CORESTACK_Condition cause : null
2025-07-30 18:16:16,723 [INFO] LogOutputStream:77 - [STDOUT_REDIRECT] 1 : Invalid condition id : UX_CORESTACK_Condition cause : null
2025-07-30 18:16:16,726 [WARN] PackLoader:240 - Cannot read IP mode file for STMicroelectronics.X-CUBE-AZRTOS-WL.2.0.0
2025-07-30 18:16:16,730 [WARN] PackLoader:240 - Cannot read IP mode file for STMicroelectronics.FP-SNS-MOTENV1.5.0.0
2025-07-30 18:16:16,734 [WARN] PackLoader:240 - Cannot read IP mode file for STMicroelectronics.X-CUBE-BLE2.3.3.0
2025-07-30 18:16:16,738 [WARN] PackLoader:240 - Cannot read IP mode file for STMicroelectronics.X-CUBE-NFC9.1.0.0
2025-07-30 18:16:16,743 [WARN] PackLoader:240 - Cannot read IP mode file for wolfSSL.I-CUBE-wolfSSL.5.8.0
2025-07-30 18:16:16,746 [WARN] PackLoader:240 - Cannot read IP mode file for STMicroelectronics.X-CUBE-BLE1.7.1.0
2025-07-30 18:16:16,747 [WARN] PackLoader:240 - Cannot read IP mode file for wolfSSL.I-CUBE-wolfMQTT.1.19.2
2025-07-30 18:16:16,749 [WARN] PackLoader:240 - Cannot read IP mode file for STMicroelectronics.X-CUBE-AI.10.1.0
2025-07-30 18:16:16,759 [WARN] PackLoader:240 - Cannot read IP mode file for STMicroelectronics.X-CUBE-AZRTOS-G0.1.1.0
2025-07-30 18:16:16,762 [WARN] PackLoader:240 - Cannot read IP mode file for STMicroelectronics.X-CUBE-SAFEA1.1.2.2
2025-07-30 18:16:16,766 [WARN] PackLoader:240 - Cannot read IP mode file for STMicroelectronics.X-CUBE-NFC4.3.0.0
2025-07-30 18:16:16,770 [WARN] PackLoader:240 - Cannot read IP mode file for STMicroelectronics.X-CUBE-WB05N.2.0.0
2025-07-30 18:16:16,771 [WARN] PackLoader:240 - Cannot read IP mode file for wolfSSL.I-CUBE-wolfTPM.3.8.0
2025-07-30 18:16:16,774 [WARN] PackLoader:240 - Cannot read IP mode file for STMicroelectronics.X-CUBE-TCPP.4.2.0
2025-07-30 18:16:16,777 [WARN] PackLoader:240 - Cannot read IP mode file for RealThread.X-CUBE-RT-Thread_Nano.4.1.1
2025-07-30 18:16:16,779 [WARN] PackLoader:240 - Cannot read IP mode file for STMicroelectronics.FP-ATR-SIGFOX1.3.2.0
2025-07-30 18:16:16,783 [WARN] PackLoader:240 - Cannot read IP mode file for STMicroelectronics.X-CUBE-ST67W61.1.0.0
2025-07-30 18:16:16,786 [WARN] PackLoader:240 - Cannot read IP mode file for STMicroelectronics.X-CUBE-ALGOBUILD.1.4.0
2025-07-30 18:16:16,810 [WARN] PackLoader:240 - Cannot read IP mode file for STMicroelectronics.X-CUBE-MEMS1.11.3.0
2025-07-30 18:16:16,921 [WARN] PackLoader:240 - Cannot read IP mode file for STMicroelectronics.X-CUBE-PM33A1.1.0.0
2025-07-30 18:16:16,929 [WARN] PackLoader:240 - Cannot read IP mode file for STMicroelectronics.X-CUBE-AZRTOS-F4.1.1.0
2025-07-30 18:16:16,932 [WARN] PackLoader:240 - Cannot read IP mode file for STMicroelectronics.X-CUBE-ISPU.2.1.0
2025-07-30 18:16:16,940 [WARN] PackLoader:240 - Cannot read IP mode file for STMicroelectronics.X-CUBE-AZRTOS-L5.2.0.0
2025-07-30 18:16:16,944 [WARN] PackLoader:240 - Cannot read IP mode file for STMicroelectronics.X-CUBE-NFC6.3.1.0
2025-07-30 18:16:16,948 [WARN] PackLoader:240 - Cannot read IP mode file for STMicroelectronics.X-CUBE-FREERTOS.1.3.1
2025-07-30 18:16:16,952 [WARN] PackLoader:240 - Cannot read IP mode file for STMicroelectronics.X-CUBE-DPower.1.3.0
2025-07-30 18:16:16,962 [WARN] ConditionMgr:438 - getConditionDescription Invalid condition id : LAN8742 Phy interface Condition cause : null
2025-07-30 18:16:16,963 [WARN] PackLoader:240 - Cannot read IP mode file for STMicroelectronics.X-CUBE-AZRTOS-L4.2.0.0
2025-07-30 18:16:16,964 [WARN] ConditionMgr:1044 - genDependencies : Invalid condition id : LAN8742 Phy interface Condition cause : null
2025-07-30 18:16:16,964 [WARN] ConditionMgr:1044 - genDependencies : Invalid condition id : LAN8742 Phy interface Condition cause : null
2025-07-30 18:16:16,965 [WARN] ConditionMgr:1044 - genDependencies : Invalid condition id : LAN8742 Phy interface Condition cause : null
2025-07-30 18:16:16,969 [WARN] PackLoader:240 - Cannot read IP mode file for STMicroelectronics.X-CUBE-SFXS2LP1.4.0.0
2025-07-30 18:16:16,975 [WARN] ConditionMgr:438 - getConditionDescription Invalid condition id : UX DEVICE CLASS RTOS Condition cause : null
2025-07-30 18:16:16,975 [WARN] ConditionMgr:438 - getConditionDescription Invalid condition id : UX DEVICE CLASS RTOS Condition cause : null
2025-07-30 18:16:16,976 [WARN] PackLoader:240 - Cannot read IP mode file for STMicroelectronics.X-CUBE-AZRTOS-WB.2.0.0
2025-07-30 18:16:16,976 [WARN] ConditionMgr:1044 - genDependencies : Invalid condition id : UX DEVICE CLASS RTOS Condition cause : null
2025-07-30 18:16:16,976 [WARN] ConditionMgr:1044 - genDependencies : Invalid condition id : UX DEVICE CLASS RTOS Condition cause : null
2025-07-30 18:16:16,976 [WARN] ConditionMgr:1044 - genDependencies : Invalid condition id : UX DEVICE CLASS RTOS Condition cause : null
2025-07-30 18:16:16,976 [WARN] ConditionMgr:1044 - genDependencies : Invalid condition id : UX DEVICE CLASS RTOS Condition cause : null
2025-07-30 18:16:16,976 [WARN] ConditionMgr:1044 - genDependencies : Invalid condition id : UX DEVICE CLASS RTOS Condition cause : null
2025-07-30 18:16:16,980 [WARN] PackLoader:240 - Cannot read IP mode file for STMicroelectronics.X-CUBE-GNSS1.7.0.1
2025-07-30 18:16:16,983 [WARN] PackLoader:240 - Cannot read IP mode file for STMicroelectronics.X-CUBE-TOUCHGFX.4.25.0
2025-07-30 18:16:16,986 [WARN] PackLoader:240 - Cannot read IP mode file for STMicroelectronics.FP-SNS-STBOX1.2.0.0
2025-07-30 18:16:16,992 [WARN] PackLoader:240 - Cannot read IP mode file for STMicroelectronics.X-CUBE-SUBG2.5.0.0
2025-07-30 18:16:17,002 [WARN] PackLoader:240 - Cannot read IP mode file for STMicroelectronics.X-CUBE-AZRTOS-H7RS.1.1.0
2025-07-30 18:16:17,010 [WARN] PackLoader:240 - Cannot read IP mode file for STMicroelectronics.X-CUBE-AZRTOS-G4.2.0.0
2025-07-30 18:16:17,012 [WARN] PackLoader:240 - Cannot read IP mode file for wolfSSL.I-CUBE-wolfSSH.1.4.20
2025-07-30 18:16:17,015 [WARN] PackLoader:240 - Cannot read IP mode file for STMicroelectronics.X-CUBE-NFC7.2.0.0
2025-07-30 18:16:17,021 [WARN] PackLoader:240 - Cannot read IP mode file for STMicroelectronics.X-CUBE-IPS.3.1.0
2025-07-30 18:16:17,026 [WARN] PackLoader:240 - Cannot read IP mode file for STMicroelectronics.X-CUBE-ALS.1.0.2
2025-07-30 18:16:17,031 [WARN] PackLoader:240 - Cannot read IP mode file for STMicroelectronics.X-CUBE-TOF1.3.4.3
2025-07-30 18:16:17,037 [INFO] ThirdParty:978 - Integrity check success = true
2025-07-30 18:16:17,037 [INFO] IntegrityCheckThread:100 - exiting critical section [integrity check]
2025-07-30 18:16:17,037 [INFO] IntegrityCheckThread:103 - End integrity checks thread
2025-07-30 18:18:14,653 [ERROR] LogOutputStream:75 - [STDERR_REDIRECT] 
