2025-07-30 16:00:08,649 [INFO] Activator:176 - 


2025-07-30 16:00:08,649 [INFO] Activator:177 - !SESSION log4j initialized
2025-07-30 16:00:09,972 [INFO] LogOutputStream:77 - [STDOUT_REDIRECT] 
2025-07-30 16:00:11,100 [INFO] ApplicationProperties:184 - Using Application install path: /opt/st/stm32cubeide_1.19.0/plugins/com.st.stm32cube.common.mx_6.15.0.202507011659
2025-07-30 16:00:11,112 [INFO] DbMcusXml:78 - Set database path to: /opt/st/stm32cubeide_1.19.0/plugins/com.st.stm32cube.common.mx_6.15.0.202507011659//db//mcu/
2025-07-30 16:00:11,112 [INFO] ApiDb:274 - Set plugin database path to: /opt/st/stm32cubeide_1.19.0/plugins/com.st.stm32cube.common.mx_6.15.0.202507011659//db//plugins/boardmanager/
2025-07-30 16:00:11,113 [WARN] ApiDb:259 - Overriding images path with different value:  => /opt/st/stm32cubeide_1.19.0/plugins/com.st.stm32cube.common.mx_6.15.0.202507011659//db//plugins/mcufinder/images/
2025-07-30 16:00:11,115 [INFO] ApiDb:250 - Set database path to: /home/edabk/.stmcufinder/plugins/mcufinder//mcu/
2025-07-30 16:00:11,117 [INFO] DbMcusAds:125 - Set database path to: /home/edabk/.stmcufinder/plugins/mcufinder//mcu/
2025-07-30 16:00:11,119 [INFO] CrossReferenceDbSqlite:203 - Set database path to: /home/edabk/.stmcufinder/plugins/mcufinder//mcu/cs/
2025-07-30 16:00:11,189 [INFO] RulesReader:64 - Compatibility file has been processed (317 Rules)
2025-07-30 16:00:11,225 [INFO] DbMcusXml:78 - Set database path to: /opt/st/stm32cubeide_1.19.0/plugins/com.st.stm32cube.common.mx_6.15.0.202507011659//db//mcu/
2025-07-30 16:00:11,225 [INFO] ApiDb:274 - Set plugin database path to: /opt/st/stm32cubeide_1.19.0/plugins/com.st.stm32cube.common.mx_6.15.0.202507011659//db//plugins/boardmanager/
2025-07-30 16:00:11,225 [INFO] ApiDb:261 - Set plugin images path to: /opt/st/stm32cubeide_1.19.0/plugins/com.st.stm32cube.common.mx_6.15.0.202507011659//db//plugins/mcufinder/images/
2025-07-30 16:00:11,226 [WARN] DbFile:41 - Overriding database path with different value: /home/edabk/.stmcufinder/plugins/mcufinder/ => /home/edabk/.stmcufinder/plugins/mcufinder
2025-07-30 16:00:11,226 [INFO] ApiDb:250 - Set database path to: /home/edabk/.stmcufinder/plugins/mcufinder//mcu/
2025-07-30 16:00:11,226 [WARN] DbFile:41 - Overriding database path with different value: /home/edabk/.stmcufinder/plugins/mcufinder/ => /home/edabk/.stmcufinder/plugins/mcufinder
2025-07-30 16:00:11,226 [INFO] DbMcusAds:125 - Set database path to: /home/edabk/.stmcufinder/plugins/mcufinder//mcu/
2025-07-30 16:00:11,226 [WARN] DbFile:41 - Overriding database path with different value: /home/edabk/.stmcufinder/plugins/mcufinder/ => /home/edabk/.stmcufinder/plugins/mcufinder
2025-07-30 16:00:11,226 [WARN] DbFile:41 - Overriding database path with different value: /home/edabk/.stmcufinder/plugins/mcufinder/ => /home/edabk/.stmcufinder/plugins/mcufinder
2025-07-30 16:00:11,226 [INFO] CrossReferenceDbSqlite:203 - Set database path to: /home/edabk/.stmcufinder/plugins/mcufinder//mcu/cs/
2025-07-30 16:00:11,267 [INFO] MainPanel:274 - HeapMemory: 268435456
2025-07-30 16:00:11,497 [INFO] DbMcusXml:78 - Set database path to: /opt/st/stm32cubeide_1.19.0/plugins/com.st.stm32cube.common.mx_6.15.0.202507011659//db//mcu/
2025-07-30 16:00:11,497 [INFO] ApiDb:274 - Set plugin database path to: /opt/st/stm32cubeide_1.19.0/plugins/com.st.stm32cube.common.mx_6.15.0.202507011659//db//plugins/boardmanager/
2025-07-30 16:00:11,497 [INFO] ApiDb:261 - Set plugin images path to: /opt/st/stm32cubeide_1.19.0/plugins/com.st.stm32cube.common.mx_6.15.0.202507011659//db//plugins/mcufinder/images/
2025-07-30 16:00:11,497 [WARN] DbFile:41 - Overriding database path with different value: /home/edabk/.stmcufinder/plugins/mcufinder/ => /home/edabk/.stmcufinder/plugins/mcufinder
2025-07-30 16:00:11,497 [INFO] ApiDb:250 - Set database path to: /home/edabk/.stmcufinder/plugins/mcufinder//mcu/
2025-07-30 16:00:11,497 [WARN] DbFile:41 - Overriding database path with different value: /home/edabk/.stmcufinder/plugins/mcufinder/ => /home/edabk/.stmcufinder/plugins/mcufinder
2025-07-30 16:00:11,497 [INFO] DbMcusAds:125 - Set database path to: /home/edabk/.stmcufinder/plugins/mcufinder//mcu/
2025-07-30 16:00:11,497 [WARN] DbFile:41 - Overriding database path with different value: /home/edabk/.stmcufinder/plugins/mcufinder/ => /home/edabk/.stmcufinder/plugins/mcufinder
2025-07-30 16:00:11,497 [WARN] DbFile:41 - Overriding database path with different value: /home/edabk/.stmcufinder/plugins/mcufinder/ => /home/edabk/.stmcufinder/plugins/mcufinder
2025-07-30 16:00:11,497 [INFO] CrossReferenceDbSqlite:203 - Set database path to: /home/edabk/.stmcufinder/plugins/mcufinder//mcu/cs/
2025-07-30 16:00:11,505 [INFO] ApplicationProperties:184 - Using Application install path: /opt/st/stm32cubeide_1.19.0/plugins/com.st.stm32cube.common.mx_6.15.0.202507011659
2025-07-30 16:00:11,506 [INFO] PluginManage:196 - Search for loadable plugins [exclusion list=, ]
2025-07-30 16:00:11,507 [INFO] PluginManage:310 - Check plugin analytics
2025-07-30 16:00:11,588 [INFO] AnalyticsPlugin:253 - Accepted Software Licenses: STM32CubeMX.6.10.0
2025-07-30 16:00:11,588 [INFO] AnalyticsPlugin:255 - Accepted CMSIS Pack Licenses: 
2025-07-30 16:00:11,588 [INFO] AnalyticsPlugin:257 - Accepted Firmware Licenses: 
2025-07-30 16:00:11,589 [INFO] PluginManage:359 - Loaded plugin analytics (category:tool,tabindex:-1)
2025-07-30 16:00:11,590 [INFO] PluginManage:310 - Check plugin cadmodel
2025-07-30 16:00:11,593 [INFO] CADModel:105 - Init CAD model plugin
2025-07-30 16:00:11,593 [INFO] PluginManage:359 - Loaded plugin cadmodel (category:power,tabindex:5)
2025-07-30 16:00:11,593 [INFO] PluginManage:310 - Check plugin clock
2025-07-30 16:00:11,598 [INFO] PluginManage:359 - Loaded plugin clock (category:base,tabindex:2)
2025-07-30 16:00:11,598 [INFO] PluginManage:310 - Check plugin ddr
2025-07-30 16:00:11,599 [INFO] PluginManage:359 - Loaded plugin ddr (category:tool,tabindex:6)
2025-07-30 16:00:11,600 [INFO] PluginManage:310 - Check plugin filemanager
2025-07-30 16:00:11,715 [INFO] PluginManage:359 - Loaded plugin filemanager (category:base,tabindex:10)
2025-07-30 16:00:11,715 [INFO] PluginManage:310 - Check plugin ipmanager
2025-07-30 16:00:11,719 [INFO] PluginManage:359 - Loaded plugin ipmanager (category:base,tabindex:5)
2025-07-30 16:00:11,719 [INFO] PluginManage:310 - Check plugin lpbam
2025-07-30 16:00:11,725 [INFO] PluginManage:359 - Loaded plugin lpbam (category:base,tabindex:0)
2025-07-30 16:00:11,725 [INFO] PluginManage:310 - Check plugin memorymap
2025-07-30 16:00:11,732 [INFO] PluginManage:359 - Loaded plugin memorymap (category:base,tabindex:4)
2025-07-30 16:00:11,732 [INFO] PluginManage:310 - Check plugin pinoutandconfiguration
2025-07-30 16:00:11,736 [INFO] PluginManage:359 - Loaded plugin pinoutandconfiguration (category:base,tabindex:1)
2025-07-30 16:00:11,737 [INFO] PluginManage:310 - Check plugin pinoutconfig
2025-07-30 16:00:11,783 [WARN] SupportedApi:132 - Cannot load RTOS API schema: s4s-elt-must-match.1: The content of 'definitions' must match (annotation?, (simpleType | complexType)?, (unique | key | keyref)*)). A problem was found starting at: attribute.
2025-07-30 16:00:11,852 [INFO] PluginManage:359 - Loaded plugin pinoutconfig (category:base,tabindex:0)
2025-07-30 16:00:11,853 [INFO] PluginManage:310 - Check plugin power
2025-07-30 16:00:11,858 [INFO] PluginManage:359 - Loaded plugin power (category:power,tabindex:4)
2025-07-30 16:00:11,858 [INFO] PluginManage:310 - Check plugin projectmanager
2025-07-30 16:00:11,867 [INFO] PluginManage:359 - Loaded plugin projectmanager (category:projectmanager,tabindex:4)
2025-07-30 16:00:11,867 [INFO] PluginManage:310 - Check plugin rif
2025-07-30 16:00:11,872 [INFO] PluginManage:359 - Loaded plugin rif (category:base,tabindex:3)
2025-07-30 16:00:11,872 [INFO] PluginManage:310 - Check plugin thirdparty
2025-07-30 16:00:11,944 [INFO] PluginManage:359 - Loaded plugin thirdparty (category:base,tabindex:-1)
2025-07-30 16:00:11,944 [INFO] PluginManage:310 - Check plugin tools
2025-07-30 16:00:11,944 [WARN] IntegrityCheckThread:84 - waiting for thirdparty lock release [integrity check]
2025-07-30 16:00:11,945 [INFO] IntegrityCheckThread:86 - entering critical section [integrity check]
2025-07-30 16:00:11,945 [INFO] ThirdPartyUpdaterWithRetryManager:70 - Updater plugin not ready yet. [1/15]
2025-07-30 16:00:11,946 [INFO] PluginManage:359 - Loaded plugin tools (category:base,tabindex:7)
2025-07-30 16:00:11,946 [INFO] PluginManage:310 - Check plugin tutovideos
2025-07-30 16:00:12,070 [INFO] PluginManage:359 - Loaded plugin tutovideos (category:base,tabindex:-1)
2025-07-30 16:00:12,070 [INFO] PluginManage:310 - Check plugin updater
2025-07-30 16:00:12,085 [INFO] PluginManage:359 - Loaded plugin updater (category:base,tabindex:12)
2025-07-30 16:00:12,085 [INFO] PluginManage:310 - Check plugin userauth
2025-07-30 16:00:12,089 [INFO] UserAuth:118 - Init User Auth plugin
2025-07-30 16:00:12,089 [INFO] PluginManage:359 - Loaded plugin userauth (category:base,tabindex:14)
2025-07-30 16:00:12,090 [INFO] PluginManage:283 - PluginManage : Loaded plugins [18]
2025-07-30 16:00:12,218 [INFO] PinOutPanel:1589 - setPackage(No Configuration,No Configuration)
2025-07-30 16:00:12,267 [INFO] CADModel:165 - CPN selected for project level
2025-07-30 16:00:12,267 [INFO] CADModel:114 - Register for checkConnection events
2025-07-30 16:00:12,275 [INFO] IPUIPlugin:80 - create IPUIPlugin
2025-07-30 16:00:12,276 [INFO] PluginManager:220 - loadIPPluginJar : add plateformsettings
2025-07-30 16:00:12,280 [INFO] IPUIPlugin:80 - create IPUIPlugin
2025-07-30 16:00:12,281 [INFO] PluginManager:220 - loadIPPluginJar : add hash
2025-07-30 16:00:12,284 [INFO] IPUIPlugin:80 - create IPUIPlugin
2025-07-30 16:00:12,285 [INFO] PluginManager:220 - loadIPPluginJar : add linkedlist
2025-07-30 16:00:12,285 [INFO] IPUIPlugin:80 - create IPUIPlugin
2025-07-30 16:00:12,285 [INFO] PluginManager:220 - loadIPPluginJar : add comp
2025-07-30 16:00:12,287 [INFO] IPUIPlugin:80 - create IPUIPlugin
2025-07-30 16:00:12,287 [INFO] PluginManager:220 - loadIPPluginJar : add usart
2025-07-30 16:00:12,290 [INFO] IPUIPlugin:80 - create IPUIPlugin
2025-07-30 16:00:12,291 [INFO] PluginManager:220 - loadIPPluginJar : add freertos
2025-07-30 16:00:12,292 [INFO] IPUIPlugin:80 - create IPUIPlugin
2025-07-30 16:00:12,292 [INFO] PluginManager:220 - loadIPPluginJar : add lorawan
2025-07-30 16:00:12,293 [INFO] IPUIPlugin:80 - create IPUIPlugin
2025-07-30 16:00:12,293 [INFO] PluginManager:220 - loadIPPluginJar : add dfsdm
2025-07-30 16:00:12,297 [INFO] IPUIPlugin:80 - create IPUIPlugin
2025-07-30 16:00:12,298 [INFO] PluginManager:220 - loadIPPluginJar : add adc
2025-07-30 16:00:12,299 [INFO] IPUIPlugin:80 - create IPUIPlugin
2025-07-30 16:00:12,299 [INFO] PluginManager:220 - loadIPPluginJar : add tracer_emb
2025-07-30 16:00:12,301 [INFO] IPUIPlugin:80 - create IPUIPlugin
2025-07-30 16:00:12,301 [INFO] PluginManager:220 - loadIPPluginJar : add nvic
2025-07-30 16:00:12,305 [INFO] IPUIPlugin:80 - create IPUIPlugin
2025-07-30 16:00:12,305 [INFO] PluginManager:220 - loadIPPluginJar : add gic
2025-07-30 16:00:12,306 [INFO] IPUIPlugin:80 - create IPUIPlugin
2025-07-30 16:00:12,306 [INFO] PluginManager:220 - loadIPPluginJar : add can
2025-07-30 16:00:12,308 [INFO] IPUIPlugin:80 - create IPUIPlugin
2025-07-30 16:00:12,308 [INFO] PluginManager:220 - loadIPPluginJar : add extmemmanager
2025-07-30 16:00:12,309 [INFO] IPUIPlugin:80 - create IPUIPlugin
2025-07-30 16:00:12,309 [INFO] PluginManager:220 - loadIPPluginJar : add gtzc
2025-07-30 16:00:12,310 [INFO] IPUIPlugin:80 - create IPUIPlugin
2025-07-30 16:00:12,310 [INFO] PluginManager:220 - loadIPPluginJar : add aes
2025-07-30 16:00:12,312 [INFO] IPUIPlugin:80 - create IPUIPlugin
2025-07-30 16:00:12,312 [INFO] PluginManager:220 - loadIPPluginJar : add usbx
2025-07-30 16:00:12,313 [INFO] IPUIPlugin:80 - create IPUIPlugin
2025-07-30 16:00:12,313 [INFO] PluginManager:220 - loadIPPluginJar : add tsc
2025-07-30 16:00:12,314 [INFO] IPUIPlugin:80 - create IPUIPlugin
2025-07-30 16:00:12,314 [INFO] PluginManager:220 - loadIPPluginJar : add cryp
2025-07-30 16:00:12,315 [INFO] IPUIPlugin:80 - create IPUIPlugin
2025-07-30 16:00:12,315 [INFO] PluginManager:220 - loadIPPluginJar : add dma3
2025-07-30 16:00:12,316 [INFO] IPUIPlugin:80 - create IPUIPlugin
2025-07-30 16:00:12,316 [INFO] PluginManager:220 - loadIPPluginJar : add genericplugin
2025-07-30 16:00:12,318 [INFO] IPUIPlugin:80 - create IPUIPlugin
2025-07-30 16:00:12,318 [INFO] PluginManager:220 - loadIPPluginJar : add ipddr
2025-07-30 16:00:12,321 [INFO] IPUIPlugin:80 - create IPUIPlugin
2025-07-30 16:00:12,321 [INFO] PluginManager:220 - loadIPPluginJar : add dma
2025-07-30 16:00:12,322 [INFO] IPUIPlugin:80 - create IPUIPlugin
2025-07-30 16:00:12,322 [INFO] PluginManager:220 - loadIPPluginJar : add i2c
2025-07-30 16:00:12,325 [INFO] IPUIPlugin:80 - create IPUIPlugin
2025-07-30 16:00:12,325 [INFO] PluginManager:220 - loadIPPluginJar : add gpio
2025-07-30 16:00:12,326 [INFO] IPUIPlugin:80 - create IPUIPlugin
2025-07-30 16:00:12,326 [INFO] PluginManager:220 - loadIPPluginJar : add spi
2025-07-30 16:00:12,326 [INFO] IPUIPlugin:80 - create IPUIPlugin
2025-07-30 16:00:12,327 [INFO] PluginManager:220 - loadIPPluginJar : add ucpd
2025-07-30 16:00:12,328 [INFO] IPUIPlugin:80 - create IPUIPlugin
2025-07-30 16:00:12,328 [INFO] PluginManager:220 - loadIPPluginJar : add i3c
2025-07-30 16:00:12,332 [INFO] IPUIPlugin:80 - create IPUIPlugin
2025-07-30 16:00:12,332 [INFO] PluginManager:220 - loadIPPluginJar : add stm32_wpan
2025-07-30 16:00:12,333 [INFO] IPUIPlugin:80 - create IPUIPlugin
2025-07-30 16:00:12,334 [INFO] PluginManager:220 - loadIPPluginJar : add touchsensing
2025-07-30 16:00:12,335 [INFO] IPUIPlugin:80 - create IPUIPlugin
2025-07-30 16:00:12,335 [INFO] PluginManager:220 - loadIPPluginJar : add sai
2025-07-30 16:00:12,337 [INFO] IPUIPlugin:80 - create IPUIPlugin
2025-07-30 16:00:12,337 [INFO] PluginManager:220 - loadIPPluginJar : add pdm2pcm
2025-07-30 16:00:12,338 [INFO] IPUIPlugin:80 - create IPUIPlugin
2025-07-30 16:00:12,338 [INFO] PluginManager:220 - loadIPPluginJar : add gfxmmu
2025-07-30 16:00:12,339 [INFO] IPUIPlugin:80 - create IPUIPlugin
2025-07-30 16:00:12,340 [INFO] PluginManager:220 - loadIPPluginJar : add i2s
2025-07-30 16:00:12,340 [INFO] IPUIPlugin:80 - create IPUIPlugin
2025-07-30 16:00:12,341 [INFO] PluginManager:220 - loadIPPluginJar : add ts
2025-07-30 16:00:12,344 [INFO] IPUIPlugin:80 - create IPUIPlugin
2025-07-30 16:00:12,344 [INFO] PluginManager:220 - loadIPPluginJar : add mdma
2025-07-30 16:00:12,346 [INFO] IPUIPlugin:80 - create IPUIPlugin
2025-07-30 16:00:12,346 [INFO] PluginManager:220 - loadIPPluginJar : add openamp
2025-07-30 16:00:12,347 [INFO] IPUIPlugin:80 - create IPUIPlugin
2025-07-30 16:00:12,347 [INFO] PluginManager:220 - loadIPPluginJar : add tim
2025-07-30 16:00:12,349 [INFO] IPUIPlugin:80 - create IPUIPlugin
2025-07-30 16:00:12,349 [INFO] PluginManager:220 - loadIPPluginJar : add resmgrutility
2025-07-30 16:00:12,349 [INFO] IPUIPlugin:80 - create IPUIPlugin
2025-07-30 16:00:12,349 [INFO] PluginManager:220 - loadIPPluginJar : add ltdc
2025-07-30 16:00:12,350 [INFO] IPUIPlugin:80 - create IPUIPlugin
2025-07-30 16:00:12,350 [INFO] PluginManager:220 - loadIPPluginJar : add fatfs
2025-07-30 16:00:12,351 [INFO] IPUIPlugin:80 - create IPUIPlugin
2025-07-30 16:00:12,351 [INFO] PluginManager:220 - loadIPPluginJar : add quadspi
2025-07-30 16:00:12,352 [INFO] IPUIPlugin:80 - create IPUIPlugin
2025-07-30 16:00:12,352 [INFO] PluginManager:220 - loadIPPluginJar : add opamp
2025-07-30 16:00:12,353 [INFO] IPUIPlugin:80 - create IPUIPlugin
2025-07-30 16:00:12,353 [INFO] PluginManager:220 - loadIPPluginJar : add radio
2025-07-30 16:00:12,355 [INFO] IPUIPlugin:80 - create IPUIPlugin
2025-07-30 16:00:12,355 [INFO] PluginManager:220 - loadIPPluginJar : add fmc
2025-07-30 16:00:12,357 [INFO] IPUIPlugin:80 - create IPUIPlugin
2025-07-30 16:00:12,357 [INFO] PluginManager:220 - loadIPPluginJar : add ddr_ctrl_phy
2025-07-30 16:00:12,447 [FATAL] Updater:351 - Updater called before beeing initialized
2025-07-30 16:00:12,480 [INFO] RulesReader:64 - Compatibility file has been processed (317 Rules)
2025-07-30 16:00:12,487 [INFO] RulesReader:64 - Compatibility file has been processed (317 Rules)
2025-07-30 16:00:12,491 [INFO] CADModel:165 - CPN selected for project level
2025-07-30 16:00:12,491 [INFO] CADModel:114 - Register for checkConnection events
2025-07-30 16:00:12,491 [FATAL] Updater:351 - Updater called before beeing initialized
2025-07-30 16:00:12,491 [ERROR] CADModel:125 - Updater not yet initialized, retry later 
2025-07-30 16:00:12,553 [FATAL] Updater:351 - Updater called before beeing initialized
2025-07-30 16:00:12,553 [INFO] CADModel:165 - CPN selected for project level
2025-07-30 16:00:12,554 [INFO] CADModel:114 - Register for checkConnection events
2025-07-30 16:00:12,554 [FATAL] Updater:351 - Updater called before beeing initialized
2025-07-30 16:00:12,554 [ERROR] CADModel:125 - Updater not yet initialized, retry later 
2025-07-30 16:00:12,555 [FATAL] Updater:351 - Updater called before beeing initialized
2025-07-30 16:00:12,595 [FATAL] Updater:351 - Updater called before beeing initialized
2025-07-30 16:00:12,598 [INFO] DbMcusAds:53 - JSON generation date=Tue Jul 08 15:14:23 ICT 2025 (1751962463562)
2025-07-30 16:00:12,598 [FATAL] Updater:351 - Updater called before beeing initialized
2025-07-30 16:00:12,616 [WARN] DetailPanel:346 - Failed to get advertising image, set to default
2025-07-30 16:00:12,664 [FATAL] Updater:351 - Updater called before beeing initialized
2025-07-30 16:00:12,665 [FATAL] Updater:351 - Updater called before beeing initialized
2025-07-30 16:00:12,665 [FATAL] Updater:351 - Updater called before beeing initialized
2025-07-30 16:00:12,665 [WARN] DetailPanel:346 - Failed to get advertising image, set to default
2025-07-30 16:00:12,666 [FATAL] Updater:351 - Updater called before beeing initialized
2025-07-30 16:00:12,688 [ERROR] Updater:1198 - MainUpdater not yet initialized. External WinMGr cannot be set.
2025-07-30 16:00:12,689 [INFO] Updater:1134 - Updater Version found : 6.15.0
2025-07-30 16:00:12,703 [INFO] ApplicationProperties:184 - Using Application install path: /opt/st/stm32cubeide_1.19.0/plugins/com.st.stm32cube.common.mx_6.15.0.202507011659
2025-07-30 16:00:12,981 [INFO] MainUpdater:2872 - connection check result : 10
2025-07-30 16:00:12,982 [INFO] MainUpdater:289 - Updater Check For Update Now.
2025-07-30 16:00:12,982 [INFO] MicroXplorer:498 - Change Database Version : DB.6.0.150
2025-07-30 16:00:12,990 [INFO] McuFinderGlobals:63 - Set McuFinder mode to 2 (CubeIDE integrated)
2025-07-30 16:00:12,990 [INFO] UserAuth:171 - activating auth plugin
2025-07-30 16:00:12,995 [INFO] UserAuth:487 - Internet connection configuration mode: 1
2025-07-30 16:00:13,022 [INFO] JxBrowserEngine:152 - Initiate JxBrowser Engine with user profile folder
2025-07-30 16:00:13,167 [INFO] CheckServerUpdateThread:120 - End of CheckServer Thread
2025-07-30 16:00:13,684 [INFO] WebApp:169 - Instantiating new browser for Auth
2025-07-30 16:00:14,174 [INFO] WebApp:463 - Apply proxy settings
2025-07-30 16:00:14,174 [INFO] WebApp:548 - Chromium requires no authentication
2025-07-30 16:00:14,181 [INFO] WebApp:491 - Direct internet connection detected
2025-07-30 16:00:14,192 [INFO] WebApp:900 - Register for checkConnection events
2025-07-30 16:00:14,192 [INFO] WebApp:463 - Apply proxy settings
2025-07-30 16:00:14,192 [INFO] WebApp:548 - Chromium requires no authentication
2025-07-30 16:00:14,192 [INFO] WebApp:491 - Direct internet connection detected
2025-07-30 16:00:14,266 [INFO] WebApp:225 - Starting web application
2025-07-30 16:00:14,267 [INFO] WebApp:593 - Web application path used /opt/st/stm32cubeide_1.19.0/plugins/com.st.stm32cube.common.mx_6.15.0.202507011659/db/plugins/mcufinder/reactClient1/index.html
2025-07-30 16:00:14,554 [INFO] WebApp:191 - Connection restablished
2025-07-30 16:00:15,040 [WARN] PackLoader:240 - Cannot read IP mode file for STMicroelectronics.FP-SNS-MOTENVWB1.1.4.0
2025-07-30 16:00:15,045 [WARN] PackLoader:240 - Cannot read IP mode file for STMicroelectronics.FP-ATR-ASTRA1.2.0.2
2025-07-30 16:00:15,050 [WARN] PackLoader:240 - Cannot read IP mode file for STMicroelectronics.X-CUBE-SMBUS.2.1.0
2025-07-30 16:00:15,054 [WARN] PackLoader:240 - Cannot read IP mode file for STMicroelectronics.X-CUBE-ST60.1.0.0
2025-07-30 16:00:15,076 [WARN] PackLoader:240 - Cannot read IP mode file for STMicroelectronics.X-CUBE-AZRTOS-F7.1.1.0
2025-07-30 16:00:15,095 [WARN] PackLoader:240 - Cannot read IP mode file for STMicroelectronics.X-CUBE-AZRTOS-H7.3.4.0
2025-07-30 16:00:15,101 [WARN] PackLoader:240 - Cannot read IP mode file for STMicroelectronics.X-CUBE-DISPLAY.3.0.0
2025-07-30 16:00:15,108 [WARN] PackLoader:240 - Cannot read IP mode file for STMicroelectronics.X-CUBE-NFC10.1.0.0
2025-07-30 16:00:15,115 [WARN] PackLoader:240 - Cannot read IP mode file for STMicroelectronics.X-CUBE-BLEMGR.4.0.0
2025-07-30 16:00:15,119 [WARN] PackLoader:240 - Cannot read IP mode file for STMicroelectronics.FP-SNS-SMARTAG2.1.2.0
2025-07-30 16:00:15,121 [WARN] PackLoader:240 - Cannot read IP mode file for STMicroelectronics.FP-SNS-FLIGHT1.5.1.0
2025-07-30 16:00:15,125 [INFO] LogOutputStream:77 - [STDOUT_REDIRECT] 1 : Invalid condition id : UX_CORESTACK_Condition cause : null
2025-07-30 16:00:15,126 [INFO] LogOutputStream:77 - [STDOUT_REDIRECT] 1 : Invalid condition id : UX_CORESTACK_Condition cause : null
2025-07-30 16:00:15,126 [INFO] LogOutputStream:77 - [STDOUT_REDIRECT] 1 : Invalid condition id : UX_CORESTACK_Condition cause : null
2025-07-30 16:00:15,126 [INFO] LogOutputStream:77 - [STDOUT_REDIRECT] 1 : Invalid condition id : UX_CORESTACK_Condition cause : null
2025-07-30 16:00:15,126 [INFO] LogOutputStream:77 - [STDOUT_REDIRECT] 1 : Invalid condition id : UX_CORESTACK_Condition cause : null
2025-07-30 16:00:15,128 [WARN] PackLoader:240 - Cannot read IP mode file for STMicroelectronics.X-CUBE-AZRTOS-WL.2.0.0
2025-07-30 16:00:15,130 [WARN] PackLoader:240 - Cannot read IP mode file for STMicroelectronics.FP-SNS-MOTENV1.5.0.0
2025-07-30 16:00:15,134 [WARN] PackLoader:240 - Cannot read IP mode file for STMicroelectronics.X-CUBE-BLE2.3.3.0
2025-07-30 16:00:15,136 [WARN] PackLoader:240 - Cannot read IP mode file for STMicroelectronics.X-CUBE-NFC9.1.0.0
2025-07-30 16:00:15,139 [WARN] PackLoader:240 - Cannot read IP mode file for wolfSSL.I-CUBE-wolfSSL.5.8.0
2025-07-30 16:00:15,141 [WARN] PackLoader:240 - Cannot read IP mode file for STMicroelectronics.X-CUBE-BLE1.7.1.0
2025-07-30 16:00:15,142 [WARN] PackLoader:240 - Cannot read IP mode file for wolfSSL.I-CUBE-wolfMQTT.1.19.2
2025-07-30 16:00:15,144 [WARN] PackLoader:240 - Cannot read IP mode file for STMicroelectronics.X-CUBE-AI.10.1.0
2025-07-30 16:00:15,152 [WARN] PackLoader:240 - Cannot read IP mode file for STMicroelectronics.X-CUBE-AZRTOS-G0.1.1.0
2025-07-30 16:00:15,155 [WARN] PackLoader:240 - Cannot read IP mode file for STMicroelectronics.X-CUBE-SAFEA1.1.2.2
2025-07-30 16:00:15,158 [WARN] PackLoader:240 - Cannot read IP mode file for STMicroelectronics.X-CUBE-NFC4.3.0.0
2025-07-30 16:00:15,161 [WARN] PackLoader:240 - Cannot read IP mode file for STMicroelectronics.X-CUBE-WB05N.2.0.0
2025-07-30 16:00:15,163 [WARN] PackLoader:240 - Cannot read IP mode file for wolfSSL.I-CUBE-wolfTPM.3.8.0
2025-07-30 16:00:15,165 [WARN] PackLoader:240 - Cannot read IP mode file for STMicroelectronics.X-CUBE-TCPP.4.2.0
2025-07-30 16:00:15,167 [WARN] PackLoader:240 - Cannot read IP mode file for RealThread.X-CUBE-RT-Thread_Nano.4.1.1
2025-07-30 16:00:15,169 [WARN] PackLoader:240 - Cannot read IP mode file for STMicroelectronics.FP-ATR-SIGFOX1.3.2.0
2025-07-30 16:00:15,171 [WARN] PackLoader:240 - Cannot read IP mode file for STMicroelectronics.X-CUBE-ST67W61.1.0.0
2025-07-30 16:00:15,174 [WARN] PackLoader:240 - Cannot read IP mode file for STMicroelectronics.X-CUBE-ALGOBUILD.1.4.0
2025-07-30 16:00:15,205 [WARN] PackLoader:240 - Cannot read IP mode file for STMicroelectronics.X-CUBE-MEMS1.11.3.0
2025-07-30 16:00:15,276 [WARN] PackLoader:240 - Cannot read IP mode file for STMicroelectronics.X-CUBE-PM33A1.1.0.0
2025-07-30 16:00:15,283 [WARN] PackLoader:240 - Cannot read IP mode file for STMicroelectronics.X-CUBE-AZRTOS-F4.1.1.0
2025-07-30 16:00:15,286 [WARN] PackLoader:240 - Cannot read IP mode file for STMicroelectronics.X-CUBE-ISPU.2.1.0
2025-07-30 16:00:15,293 [WARN] PackLoader:240 - Cannot read IP mode file for STMicroelectronics.X-CUBE-AZRTOS-L5.2.0.0
2025-07-30 16:00:15,297 [WARN] PackLoader:240 - Cannot read IP mode file for STMicroelectronics.X-CUBE-NFC6.3.1.0
2025-07-30 16:00:15,300 [WARN] PackLoader:240 - Cannot read IP mode file for STMicroelectronics.X-CUBE-FREERTOS.1.3.1
2025-07-30 16:00:15,302 [WARN] PackLoader:240 - Cannot read IP mode file for STMicroelectronics.X-CUBE-DPower.1.3.0
2025-07-30 16:00:15,313 [WARN] ConditionMgr:438 - getConditionDescription Invalid condition id : LAN8742 Phy interface Condition cause : null
2025-07-30 16:00:15,314 [WARN] PackLoader:240 - Cannot read IP mode file for STMicroelectronics.X-CUBE-AZRTOS-L4.2.0.0
2025-07-30 16:00:15,315 [WARN] ConditionMgr:1044 - genDependencies : Invalid condition id : LAN8742 Phy interface Condition cause : null
2025-07-30 16:00:15,315 [WARN] ConditionMgr:1044 - genDependencies : Invalid condition id : LAN8742 Phy interface Condition cause : null
2025-07-30 16:00:15,315 [WARN] ConditionMgr:1044 - genDependencies : Invalid condition id : LAN8742 Phy interface Condition cause : null
2025-07-30 16:00:15,320 [WARN] PackLoader:240 - Cannot read IP mode file for STMicroelectronics.X-CUBE-SFXS2LP1.4.0.0
2025-07-30 16:00:15,327 [WARN] ConditionMgr:438 - getConditionDescription Invalid condition id : UX DEVICE CLASS RTOS Condition cause : null
2025-07-30 16:00:15,327 [WARN] ConditionMgr:438 - getConditionDescription Invalid condition id : UX DEVICE CLASS RTOS Condition cause : null
2025-07-30 16:00:15,328 [WARN] PackLoader:240 - Cannot read IP mode file for STMicroelectronics.X-CUBE-AZRTOS-WB.2.0.0
2025-07-30 16:00:15,329 [WARN] ConditionMgr:1044 - genDependencies : Invalid condition id : UX DEVICE CLASS RTOS Condition cause : null
2025-07-30 16:00:15,329 [WARN] ConditionMgr:1044 - genDependencies : Invalid condition id : UX DEVICE CLASS RTOS Condition cause : null
2025-07-30 16:00:15,329 [WARN] ConditionMgr:1044 - genDependencies : Invalid condition id : UX DEVICE CLASS RTOS Condition cause : null
2025-07-30 16:00:15,329 [WARN] ConditionMgr:1044 - genDependencies : Invalid condition id : UX DEVICE CLASS RTOS Condition cause : null
2025-07-30 16:00:15,329 [WARN] ConditionMgr:1044 - genDependencies : Invalid condition id : UX DEVICE CLASS RTOS Condition cause : null
2025-07-30 16:00:15,332 [WARN] PackLoader:240 - Cannot read IP mode file for STMicroelectronics.X-CUBE-GNSS1.7.0.1
2025-07-30 16:00:15,334 [WARN] PackLoader:240 - Cannot read IP mode file for STMicroelectronics.X-CUBE-TOUCHGFX.4.25.0
2025-07-30 16:00:15,338 [WARN] PackLoader:240 - Cannot read IP mode file for STMicroelectronics.FP-SNS-STBOX1.2.0.0
2025-07-30 16:00:15,359 [WARN] PackLoader:240 - Cannot read IP mode file for STMicroelectronics.X-CUBE-SUBG2.5.0.0
2025-07-30 16:00:15,371 [WARN] PackLoader:240 - Cannot read IP mode file for STMicroelectronics.X-CUBE-AZRTOS-H7RS.1.1.0
2025-07-30 16:00:15,380 [WARN] PackLoader:240 - Cannot read IP mode file for STMicroelectronics.X-CUBE-AZRTOS-G4.2.0.0
2025-07-30 16:00:15,383 [WARN] PackLoader:240 - Cannot read IP mode file for wolfSSL.I-CUBE-wolfSSH.1.4.20
2025-07-30 16:00:15,386 [WARN] PackLoader:240 - Cannot read IP mode file for STMicroelectronics.X-CUBE-NFC7.2.0.0
2025-07-30 16:00:15,393 [WARN] PackLoader:240 - Cannot read IP mode file for STMicroelectronics.X-CUBE-IPS.3.1.0
2025-07-30 16:00:15,398 [WARN] PackLoader:240 - Cannot read IP mode file for STMicroelectronics.X-CUBE-ALS.1.0.2
2025-07-30 16:00:15,404 [WARN] PackLoader:240 - Cannot read IP mode file for STMicroelectronics.X-CUBE-TOF1.3.4.3
2025-07-30 16:00:15,412 [INFO] ThirdParty:978 - Integrity check success = true
2025-07-30 16:00:15,412 [INFO] IntegrityCheckThread:100 - exiting critical section [integrity check]
2025-07-30 16:00:15,412 [INFO] IntegrityCheckThread:103 - End integrity checks thread
2025-07-30 18:16:06,074 [ERROR] LogOutputStream:75 - [STDERR_REDIRECT] 
